offers
100.59 13636
100.58 9835
100.57 7366
100.57 204
100.57 403
100.56 4185
100.56 4230
100.55 6242
100.54 4942
100.54 2083
100.53 3764
100.52 4243
100.51 2022
100.5 1203
100.49 522
100.48 626
100.47 188
100.47 268
100.46 469
100.45 567
100.42 750
100.39 186 (mine)

bids
100.21 576
100.21 750 (mine)
100.15 606
100.14 606
100.13 529
100.12 77
100.12 229
100.12 154
100.11 522
100.1 632
100.1 704
100.09 441
100.09 2632
100.08 540
100.08 3636
100.07 1501
100.07 3334
100.06 2500
100.06 2242
100.05 3981
100.04 4238
100.04 2618
100.03 5075
100.03 3841
100.02 5825
100.02 3728
100.01 5285
100.01 7164
EOF
